<?xml version="1.0" encoding="UTF-8"?>
<!-- Generated by org.testng.reporters.JUnitReportReporter -->
<testsuite skipped="0" hostname="IBM627-PC07HR75" name="com.training.sanity.tests.RTTC038_Test3" tests="1" failures="0" timestamp="25 Feb 2019 09:20:50 GMT" time="15.909" errors="0">
  <testcase name="validLoginTest" time="15.909" classname="com.training.sanity.tests.RTTC038_Test3"/>
</testsuite> <!-- com.training.sanity.tests.RTTC038_Test3 -->
