<?xml version="1.0" encoding="UTF-8"?>
<!-- Generated by org.testng.reporters.JUnitReportReporter -->
<testsuite skipped="0" hostname="IBM627-PC07HR75" name="com.training.sanity.tests.RemoveProductRTTC010_Tests5" tests="1" failures="0" timestamp="18 Feb 2019 15:48:11 GMT" time="54.878" errors="0">
  <testcase name="validLoginTest" time="54.878" classname="com.training.sanity.tests.RemoveProductRTTC010_Tests5"/>
</testsuite> <!-- com.training.sanity.tests.RemoveProductRTTC010_Tests5 -->
