<?xml version="1.0" encoding="UTF-8"?>
<!-- Generated by org.testng.reporters.JUnitReportReporter -->
<testsuite skipped="0" hostname="IBM627-PC07HR75" name="com.training.sanity.tests.Delete_Cat_RTTC039_Test5" tests="1" failures="0" timestamp="26 Feb 2019 18:57:07 GMT" time="22.988" errors="0">
  <testcase name="validLoginTest" time="22.988" classname="com.training.sanity.tests.Delete_Cat_RTTC039_Test5"/>
</testsuite> <!-- com.training.sanity.tests.Delete_Cat_RTTC039_Test5 -->
