<?xml version="1.0" encoding="UTF-8"?>
<!-- Generated by org.testng.reporters.JUnitReportReporter -->
<testsuite skipped="0" hostname="IBM627-PC07HR75" name="com.training.sanity.tests.RTTC037_Test2" tests="1" failures="0" timestamp="25 Feb 2019 06:30:14 GMT" time="13.727" errors="0">
  <testcase name="validLoginTest" time="13.727" classname="com.training.sanity.tests.RTTC037_Test2"/>
</testsuite> <!-- com.training.sanity.tests.RTTC037_Test2 -->
