<?xml version="1.0" encoding="UTF-8"?>
<!-- Generated by org.testng.reporters.JUnitReportReporter -->
<testsuite skipped="0" hostname="IBM627-PC07HR75" name="com.training.sanity.tests.AdminOrderStatusChangeRTTC070_Test" tests="1" failures="0" timestamp="08 Mar 2019 08:00:41 GMT" time="123.530" errors="0">
  <testcase name="validLoginTest" time="123.530" classname="com.training.sanity.tests.AdminOrderStatusChangeRTTC070_Test"/>
</testsuite> <!-- com.training.sanity.tests.AdminOrderStatusChangeRTTC070_Test -->
