<?xml version="1.0" encoding="UTF-8"?>
<!-- Generated by org.testng.reporters.JUnitReportReporter -->
<testsuite skipped="0" hostname="IBM627-PC07HR75" name="com.training.sanity.tests.RTTC036_Test" tests="1" failures="0" timestamp="28 Feb 2019 08:23:23 GMT" time="128.490" errors="0">
  <testcase name="validLoginTest" time="128.490" classname="com.training.sanity.tests.RTTC036_Test"/>
</testsuite> <!-- com.training.sanity.tests.RTTC036_Test -->
