<?xml version="1.0" encoding="UTF-8"?>
<!-- Generated by org.testng.reporters.JUnitReportReporter -->
<testsuite skipped="0" hostname="IBM627-PC07HR75" name="com.training.sanity.tests.AddCategoryRTTC038_Test3" tests="1" failures="0" timestamp="28 Feb 2019 10:32:58 GMT" time="19.323" errors="0">
  <testcase name="validLoginTest" time="19.323" classname="com.training.sanity.tests.AddCategoryRTTC038_Test3"/>
</testsuite> <!-- com.training.sanity.tests.AddCategoryRTTC038_Test3 -->
