<?xml version="1.0" encoding="UTF-8"?>
<!-- Generated by org.testng.reporters.JUnitReportReporter -->
<testsuite skipped="0" hostname="IBM627-PC07HR75" name="com.training.sanity.tests.LoginTests" tests="1" failures="0" timestamp="18 Feb 2019 12:41:42 GMT" time="71.264" errors="0">
  <testcase name="validLoginTest" time="71.264" classname="com.training.sanity.tests.LoginTests"/>
</testsuite> <!-- com.training.sanity.tests.LoginTests -->
