<?xml version="1.0" encoding="UTF-8"?>
<!-- Generated by org.testng.reporters.JUnitReportReporter -->
<testsuite skipped="0" hostname="IBM627-PC07HR75" name="com.training.sanity.tests.MismatchPasswordTests_RTTC007" tests="1" failures="0" timestamp="28 Feb 2019 16:04:49 GMT" time="34.207" errors="0">
  <testcase name="validLoginTest" time="34.207" classname="com.training.sanity.tests.MismatchPasswordTests_RTTC007"/>
</testsuite> <!-- com.training.sanity.tests.MismatchPasswordTests_RTTC007 -->
