<?xml version="1.0" encoding="UTF-8"?>
<!-- Generated by org.testng.reporters.JUnitReportReporter -->
<testsuite skipped="0" hostname="IBM627-PC07HR75" name="com.training.sanity.tests.AdminFilterProductsWithMultipleValuesRTTC067_Test" tests="5" failures="0" timestamp="08 Mar 2019 06:13:29 GMT" time="16.949" errors="0">
  <testcase name="Login" time="2.447" classname="com.training.sanity.tests.AdminFilterProductsWithMultipleValuesRTTC067_Test"/>
  <testcase name="FilterProductTest" time="3.574" classname="com.training.sanity.tests.AdminFilterProductsWithMultipleValuesRTTC067_Test"/>
  <testcase name="FilterProductTest" time="3.533" classname="com.training.sanity.tests.AdminFilterProductsWithMultipleValuesRTTC067_Test"/>
  <testcase name="FilterProductTest" time="4.397" classname="com.training.sanity.tests.AdminFilterProductsWithMultipleValuesRTTC067_Test"/>
  <testcase name="FilterProductTest" time="2.998" classname="com.training.sanity.tests.AdminFilterProductsWithMultipleValuesRTTC067_Test"/>
</testsuite> <!-- com.training.sanity.tests.AdminFilterProductsWithMultipleValuesRTTC067_Test -->
