<?xml version="1.0" encoding="UTF-8"?>
<!-- Generated by org.testng.reporters.JUnitReportReporter -->
<testsuite skipped="0" hostname="IBM627-PC07HR75" name="com.training.sanity.tests.LoginTests4" tests="1" failures="0" timestamp="18 Feb 2019 15:57:32 GMT" time="50.351" errors="0">
  <testcase name="validLoginTest" time="50.351" classname="com.training.sanity.tests.LoginTests4"/>
</testsuite> <!-- com.training.sanity.tests.LoginTests4 -->
