<?xml version="1.0" encoding="UTF-8"?>
<!-- Generated by org.testng.reporters.JUnitReportReporter -->
<testsuite skipped="0" hostname="IBM627-PC07HR75" name="com.training.sanity.tests.LoginTests_RTTC007" tests="1" failures="0" timestamp="18 Feb 2019 12:51:56 GMT" time="32.421" errors="0">
  <testcase name="validLoginTest" time="32.421" classname="com.training.sanity.tests.LoginTests_RTTC007"/>
</testsuite> <!-- com.training.sanity.tests.LoginTests_RTTC007 -->
