<?xml version="1.0" encoding="UTF-8"?>
<!-- Generated by org.testng.reporters.JUnitReportReporter -->
<testsuite skipped="0" hostname="IBM627-PC07HR75" name="com.training.sanity.tests.RTTC039_Test4" tests="1" failures="0" timestamp="26 Feb 2019 17:47:10 GMT" time="34.419" errors="0">
  <testcase name="validLoginTest" time="34.419" classname="com.training.sanity.tests.RTTC039_Test4"/>
</testsuite> <!-- com.training.sanity.tests.RTTC039_Test4 -->
