<?xml version="1.0" encoding="UTF-8"?>
<!-- Generated by org.testng.reporters.JUnitReportReporter -->
<testsuite skipped="0" hostname="IBM627-PC07HR75" name="com.training.regression.tests.LoginDBTest" tests="1" failures="0" timestamp="05 Mar 2019 13:41:12 GMT" time="22.785" errors="0">
  <testcase name="loginDBTest" time="22.785" classname="com.training.regression.tests.LoginDBTest"/>
</testsuite> <!-- com.training.regression.tests.LoginDBTest -->
