<?xml version="1.0" encoding="UTF-8"?>
<!-- Generated by org.testng.reporters.JUnitReportReporter -->
<testsuite skipped="0" hostname="IBM627-PC07HR75" name="com.training.sanity.tests.AdminAddMultipleProductsRTTC068_Test" tests="4" failures="0" timestamp="08 Mar 2019 06:07:10 GMT" time="46.506" errors="0">
  <testcase name="Login" time="2.427" classname="com.training.sanity.tests.AdminAddMultipleProductsRTTC068_Test"/>
  <testcase name="FilterProductTest" time="14.018" classname="com.training.sanity.tests.AdminAddMultipleProductsRTTC068_Test"/>
  <testcase name="FilterProductTest" time="14.865" classname="com.training.sanity.tests.AdminAddMultipleProductsRTTC068_Test"/>
  <testcase name="FilterProductTest" time="15.196" classname="com.training.sanity.tests.AdminAddMultipleProductsRTTC068_Test"/>
</testsuite> <!-- com.training.sanity.tests.AdminAddMultipleProductsRTTC068_Test -->
