<?xml version="1.0" encoding="UTF-8"?>
<!-- Generated by org.testng.reporters.JUnitReportReporter -->
<testsuite skipped="0" hostname="IBM627-PC07HR75" name="com.training.sanity.tests.PasswordChangeRTTC_006" tests="1" failures="0" timestamp="28 Feb 2019 14:49:44 GMT" time="35.158" errors="0">
  <testcase name="validLoginTest" time="35.158" classname="com.training.sanity.tests.PasswordChangeRTTC_006"/>
</testsuite> <!-- com.training.sanity.tests.PasswordChangeRTTC_006 -->
