<?xml version="1.0" encoding="UTF-8"?>
<!-- Generated by org.testng.reporters.JUnitReportReporter -->
<testsuite skipped="0" hostname="IBM627-PC07HR75" name="com.training.sanity.tests.LoginAdminRTTC037_Test2" tests="1" failures="0" timestamp="28 Feb 2019 09:52:33 GMT" time="13.753" errors="0">
  <testcase name="validLoginTest" time="13.753" classname="com.training.sanity.tests.LoginAdminRTTC037_Test2"/>
</testsuite> <!-- com.training.sanity.tests.LoginAdminRTTC037_Test2 -->
