<?xml version="1.0" encoding="UTF-8"?>
<!-- Generated by org.testng.reporters.JUnitReportReporter -->
<testsuite skipped="0" hostname="IBM627-PC07HR75" name="com.training.sanity.tests.AdminAddInvalidProductsRTTC069_Test" tests="4" failures="0" timestamp="08 Mar 2019 07:11:11 GMT" time="36.759" errors="0">
  <testcase name="Login" time="2.601" classname="com.training.sanity.tests.AdminAddInvalidProductsRTTC069_Test"/>
  <testcase name="FilterProductInvalidTest" time="12.300" classname="com.training.sanity.tests.AdminAddInvalidProductsRTTC069_Test"/>
  <testcase name="FilterProductInvalidTest" time="11.115" classname="com.training.sanity.tests.AdminAddInvalidProductsRTTC069_Test"/>
  <testcase name="FilterProductInvalidTest" time="10.743" classname="com.training.sanity.tests.AdminAddInvalidProductsRTTC069_Test"/>
</testsuite> <!-- com.training.sanity.tests.AdminAddInvalidProductsRTTC069_Test -->
