<?xml version="1.0" encoding="UTF-8"?>
<!-- Generated by org.testng.reporters.JUnitReportReporter -->
<testsuite skipped="0" hostname="IBM627-PC07HR75" name="com.training.sanity.tests.EditCategoryRTTC039_Test4" tests="1" failures="0" timestamp="28 Feb 2019 11:59:04 GMT" time="25.207" errors="0">
  <testcase name="validLoginTest" time="25.207" classname="com.training.sanity.tests.EditCategoryRTTC039_Test4"/>
</testsuite> <!-- com.training.sanity.tests.EditCategoryRTTC039_Test4 -->
