<?xml version="1.0" encoding="UTF-8"?>
<!-- Generated by org.testng.reporters.JUnitReportReporter -->
<testsuite skipped="0" hostname="IBM627-PC07HR75" name="com.training.regression.tests.StoreDetailDBTest2" tests="1" failures="0" timestamp="08 Mar 2019 08:18:36 GMT" time="19.455" errors="0">
  <testcase name="loginDBTest" time="19.455" classname="com.training.regression.tests.StoreDetailDBTest2"/>
</testsuite> <!-- com.training.regression.tests.StoreDetailDBTest2 -->
