<?xml version="1.0" encoding="UTF-8"?>
<!-- Generated by org.testng.reporters.JUnitReportReporter -->
<testsuite skipped="0" hostname="IBM627-PC07HR75" name="com.training.sanity.tests.Delete_Cat_RTTC040_Test5" tests="1" failures="0" timestamp="27 Feb 2019 12:57:38 GMT" time="26.507" errors="0">
  <testcase name="validLoginTest" time="26.507" classname="com.training.sanity.tests.Delete_Cat_RTTC040_Test5"/>
</testsuite> <!-- com.training.sanity.tests.Delete_Cat_RTTC040_Test5 -->
